  [1m[35m (448.1ms)[0m  [1m[35mCREATE DATABASE "todo-api_development" ENCODING = 'unicode'[0m
  ↳ bin/rails:9
  [1m[35m (260.2ms)[0m  [1m[35mCREATE DATABASE "todo-api_test" ENCODING = 'unicode'[0m
  ↳ bin/rails:9
  [1m[35m (59.9ms)[0m  [1m[35mCREATE TABLE "schema_migrations" ("version" character varying NOT NULL PRIMARY KEY)[0m
  ↳ bin/rails:9
  [1m[35m (24.8ms)[0m  [1m[35mCREATE TABLE "ar_internal_metadata" ("key" character varying NOT NULL PRIMARY KEY, "value" character varying, "created_at" timestamp NOT NULL, "updated_at" timestamp NOT NULL)[0m
  ↳ bin/rails:9
  [1m[35m (13.2ms)[0m  [1m[34mSELECT pg_try_advisory_lock(5406015783143526180)[0m
  ↳ bin/rails:9
  [1m[35m (1.8ms)[0m  [1m[34mSELECT "schema_migrations"."version" FROM "schema_migrations" ORDER BY "schema_migrations"."version" ASC[0m
  ↳ bin/rails:9
Migrating to CreateCategories (20190925215249)
  [1m[35m (5.7ms)[0m  [1m[35mBEGIN[0m
  ↳ bin/rails:9
  [1m[35m (33.4ms)[0m  [1m[35mCREATE TABLE "categories" ("id" bigserial primary key, "name" character varying, "created_at" timestamp NOT NULL, "updated_at" timestamp NOT NULL)[0m
  ↳ db/migrate/20190925215249_create_categories.rb:3
  [1m[36mActiveRecord::SchemaMigration Create (3.2ms)[0m  [1m[32mINSERT INTO "schema_migrations" ("version") VALUES ($1) RETURNING "version"[0m  [["version", "20190925215249"]]
  ↳ bin/rails:9
  [1m[35m (0.6ms)[0m  [1m[35mCOMMIT[0m
  ↳ bin/rails:9
Migrating to CreateTodos (20190925215359)
  [1m[35m (5.9ms)[0m  [1m[35mBEGIN[0m
  ↳ bin/rails:9
  [1m[35m (22.7ms)[0m  [1m[35mCREATE TABLE "todos" ("id" bigserial primary key, "text" character varying, "completed" boolean, "created_at" timestamp NOT NULL, "updated_at" timestamp NOT NULL)[0m
  ↳ db/migrate/20190925215359_create_todos.rb:3
  [1m[36mActiveRecord::SchemaMigration Create (0.8ms)[0m  [1m[32mINSERT INTO "schema_migrations" ("version") VALUES ($1) RETURNING "version"[0m  [["version", "20190925215359"]]
  ↳ bin/rails:9
  [1m[35m (0.8ms)[0m  [1m[35mCOMMIT[0m
  ↳ bin/rails:9
  [1m[36mActiveRecord::InternalMetadata Load (11.7ms)[0m  [1m[34mSELECT  "ar_internal_metadata".* FROM "ar_internal_metadata" WHERE "ar_internal_metadata"."key" = $1 LIMIT $2[0m  [["key", "environment"], ["LIMIT", 1]]
  ↳ bin/rails:9
  [1m[35m (0.2ms)[0m  [1m[35mBEGIN[0m
  ↳ bin/rails:9
  [1m[36mActiveRecord::InternalMetadata Create (6.7ms)[0m  [1m[32mINSERT INTO "ar_internal_metadata" ("key", "value", "created_at", "updated_at") VALUES ($1, $2, $3, $4) RETURNING "key"[0m  [["key", "environment"], ["value", "development"], ["created_at", "2019-09-25 21:58:00.982499"], ["updated_at", "2019-09-25 21:58:00.982499"]]
  ↳ bin/rails:9
  [1m[35m (0.5ms)[0m  [1m[35mCOMMIT[0m
  ↳ bin/rails:9
  [1m[35m (0.4ms)[0m  [1m[34mSELECT pg_advisory_unlock(5406015783143526180)[0m
  ↳ bin/rails:9
  [1m[35m (0.9ms)[0m  [1m[34mSELECT "schema_migrations"."version" FROM "schema_migrations" ORDER BY "schema_migrations"."version" ASC[0m
  ↳ bin/rails:9
  [1m[36mCategory Load (0.5ms)[0m  [1m[34mSELECT  "categories".* FROM "categories" LIMIT $1[0m  [["LIMIT", 11]]
  [1m[35m (0.2ms)[0m  [1m[35mBEGIN[0m
  [1m[36mCategory Create (1.3ms)[0m  [1m[32mINSERT INTO "categories" ("name", "created_at", "updated_at") VALUES ($1, $2, $3) RETURNING "id"[0m  [["name", "Personal"], ["created_at", "2019-09-25 21:58:42.901542"], ["updated_at", "2019-09-25 21:58:42.901542"]]
  [1m[35m (0.8ms)[0m  [1m[35mCOMMIT[0m
  [1m[35m (0.4ms)[0m  [1m[35mBEGIN[0m
  [1m[36mCategory Create (0.7ms)[0m  [1m[32mINSERT INTO "categories" ("name", "created_at", "updated_at") VALUES ($1, $2, $3) RETURNING "id"[0m  [["name", "Business"], ["created_at", "2019-09-25 21:58:55.509523"], ["updated_at", "2019-09-25 21:58:55.509523"]]
  [1m[35m (1.3ms)[0m  [1m[35mCOMMIT[0m
  [1m[35m (0.6ms)[0m  [1m[34mSELECT pg_try_advisory_lock(5406015783143526180)[0m
  ↳ bin/rails:9
  [1m[35m (1.0ms)[0m  [1m[34mSELECT "schema_migrations"."version" FROM "schema_migrations" ORDER BY "schema_migrations"."version" ASC[0m
  ↳ bin/rails:9
Migrating to AddCategoryIdToTodo (20190925220052)
  [1m[35m (0.3ms)[0m  [1m[35mBEGIN[0m
  ↳ bin/rails:9
  [1m[35m (26.8ms)[0m  [1m[35mALTER TABLE "todos" ADD "category_id" integer[0m
  ↳ db/migrate/20190925220052_add_category_id_to_todo.rb:3
  [1m[36mActiveRecord::SchemaMigration Create (1.2ms)[0m  [1m[32mINSERT INTO "schema_migrations" ("version") VALUES ($1) RETURNING "version"[0m  [["version", "20190925220052"]]
  ↳ bin/rails:9
  [1m[35m (0.7ms)[0m  [1m[35mCOMMIT[0m
  ↳ bin/rails:9
  [1m[36mActiveRecord::InternalMetadata Load (11.2ms)[0m  [1m[34mSELECT  "ar_internal_metadata".* FROM "ar_internal_metadata" WHERE "ar_internal_metadata"."key" = $1 LIMIT $2[0m  [["key", "environment"], ["LIMIT", 1]]
  ↳ bin/rails:9
  [1m[35m (0.3ms)[0m  [1m[35mBEGIN[0m
  ↳ bin/rails:9
  [1m[35m (0.3ms)[0m  [1m[35mCOMMIT[0m
  ↳ bin/rails:9
  [1m[35m (0.4ms)[0m  [1m[34mSELECT pg_advisory_unlock(5406015783143526180)[0m
  ↳ bin/rails:9
  [1m[35m (0.3ms)[0m  [1m[34mSELECT "schema_migrations"."version" FROM "schema_migrations" ORDER BY "schema_migrations"."version" ASC[0m
  ↳ bin/rails:9
  [1m[35m (0.4ms)[0m  [1m[34mSELECT pg_try_advisory_lock(5406015783143526180)[0m
  ↳ bin/rails:9
  [1m[35m (1.1ms)[0m  [1m[34mSELECT "schema_migrations"."version" FROM "schema_migrations" ORDER BY "schema_migrations"."version" ASC[0m
  ↳ bin/rails:9
Migrating to ChangeColumnDefault (20190925220543)
  [1m[35m (0.3ms)[0m  [1m[35mBEGIN[0m
  ↳ bin/rails:9
  [1m[35m (22.4ms)[0m  [1m[35mALTER TABLE "todos" ALTER COLUMN "completed" SET DEFAULT FALSE[0m
  ↳ db/migrate/20190925220543_change_column_default.rb:3
  [1m[36mActiveRecord::SchemaMigration Create (1.0ms)[0m  [1m[32mINSERT INTO "schema_migrations" ("version") VALUES ($1) RETURNING "version"[0m  [["version", "20190925220543"]]
  ↳ bin/rails:9
  [1m[35m (1.9ms)[0m  [1m[35mCOMMIT[0m
  ↳ bin/rails:9
  [1m[36mActiveRecord::InternalMetadata Load (0.7ms)[0m  [1m[34mSELECT  "ar_internal_metadata".* FROM "ar_internal_metadata" WHERE "ar_internal_metadata"."key" = $1 LIMIT $2[0m  [["key", "environment"], ["LIMIT", 1]]
  ↳ bin/rails:9
  [1m[35m (0.3ms)[0m  [1m[35mBEGIN[0m
  ↳ bin/rails:9
  [1m[35m (0.1ms)[0m  [1m[35mCOMMIT[0m
  ↳ bin/rails:9
  [1m[35m (0.3ms)[0m  [1m[34mSELECT pg_advisory_unlock(5406015783143526180)[0m
  ↳ bin/rails:9
  [1m[35m (0.3ms)[0m  [1m[34mSELECT "schema_migrations"."version" FROM "schema_migrations" ORDER BY "schema_migrations"."version" ASC[0m
  ↳ bin/rails:9
  [1m[36mCategory Load (0.6ms)[0m  [1m[34mSELECT  "categories".* FROM "categories" LIMIT $1[0m  [["LIMIT", 11]]
  [1m[35m (0.2ms)[0m  [1m[35mBEGIN[0m
  [1m[36mCategory Load (0.4ms)[0m  [1m[34mSELECT  "categories".* FROM "categories" WHERE "categories"."id" = $1 LIMIT $2[0m  [["id", 1], ["LIMIT", 1]]
  [1m[36mTodo Create (12.9ms)[0m  [1m[32mINSERT INTO "todos" ("text", "created_at", "updated_at", "category_id") VALUES ($1, $2, $3, $4) RETURNING "id"[0m  [["text", "Shopping for back to school"], ["created_at", "2019-09-25 22:07:58.281617"], ["updated_at", "2019-09-25 22:07:58.281617"], ["category_id", 1]]
  [1m[35m (6.7ms)[0m  [1m[35mCOMMIT[0m
  [1m[36mCategory Load (0.6ms)[0m  [1m[34mSELECT  "categories".* FROM "categories" ORDER BY "categories"."id" ASC LIMIT $1[0m  [["LIMIT", 1]]
  [1m[36mCategory Load (0.7ms)[0m  [1m[34mSELECT  "categories".* FROM "categories" ORDER BY "categories"."id" ASC LIMIT $1[0m  [["LIMIT", 1]]
  [1m[36mTodo Load (0.4ms)[0m  [1m[34mSELECT  "todos".* FROM "todos" WHERE "todos"."category_id" = $1 LIMIT $2[0m  [["category_id", 1], ["LIMIT", 11]]
  [1m[36mCategory Load (0.8ms)[0m  [1m[34mSELECT  "categories".* FROM "categories" ORDER BY "categories"."id" ASC LIMIT $1[0m  [["LIMIT", 1]]
  [1m[36mTodo Load (0.5ms)[0m  [1m[34mSELECT "todos".* FROM "todos" WHERE "todos"."category_id" = $1[0m  [["category_id", 1]]
  [1m[35m (1.1ms)[0m  [1m[34mSELECT "schema_migrations"."version" FROM "schema_migrations" ORDER BY "schema_migrations"."version" ASC[0m
  ↳ bin/rails:9
  [1m[36mCategory Load (0.7ms)[0m  [1m[34mSELECT "categories".* FROM "categories"[0m
  ↳ db/seeds.rb:5
  [1m[35m (0.2ms)[0m  [1m[35mBEGIN[0m
  ↳ db/seeds.rb:5
  [1m[36mCategory Destroy (22.4ms)[0m  [1m[31mDELETE FROM "categories" WHERE "categories"."id" = $1[0m  [["id", 1]]
  ↳ db/seeds.rb:5
  [1m[35m (0.7ms)[0m  [1m[35mCOMMIT[0m
  ↳ db/seeds.rb:5
  [1m[35m (0.2ms)[0m  [1m[35mBEGIN[0m
  ↳ db/seeds.rb:5
  [1m[36mCategory Destroy (0.7ms)[0m  [1m[31mDELETE FROM "categories" WHERE "categories"."id" = $1[0m  [["id", 2]]
  ↳ db/seeds.rb:5
  [1m[35m (0.5ms)[0m  [1m[35mCOMMIT[0m
  ↳ db/seeds.rb:5
  [1m[36mTodo Load (0.8ms)[0m  [1m[34mSELECT "todos".* FROM "todos"[0m
  ↳ db/seeds.rb:6
  [1m[35m (0.2ms)[0m  [1m[35mBEGIN[0m
  ↳ db/seeds.rb:6
  [1m[36mTodo Destroy (0.4ms)[0m  [1m[31mDELETE FROM "todos" WHERE "todos"."id" = $1[0m  [["id", 1]]
  ↳ db/seeds.rb:6
  [1m[35m (0.5ms)[0m  [1m[35mCOMMIT[0m
  ↳ db/seeds.rb:6
  [1m[35m (0.2ms)[0m  [1m[35mBEGIN[0m
  ↳ db/seeds.rb:10
  [1m[36mCategory Create (0.7ms)[0m  [1m[32mINSERT INTO "categories" ("name", "created_at", "updated_at") VALUES ($1, $2, $3) RETURNING "id"[0m  [["name", "Personal"], ["created_at", "2019-09-25 22:21:01.725704"], ["updated_at", "2019-09-25 22:21:01.725704"]]
  ↳ db/seeds.rb:10
  [1m[35m (0.5ms)[0m  [1m[35mCOMMIT[0m
  ↳ db/seeds.rb:10
  [1m[35m (0.2ms)[0m  [1m[35mBEGIN[0m
  ↳ db/seeds.rb:11
  [1m[36mCategory Create (0.4ms)[0m  [1m[32mINSERT INTO "categories" ("name", "created_at", "updated_at") VALUES ($1, $2, $3) RETURNING "id"[0m  [["name", "Business"], ["created_at", "2019-09-25 22:21:01.730985"], ["updated_at", "2019-09-25 22:21:01.730985"]]
  ↳ db/seeds.rb:11
  [1m[35m (0.5ms)[0m  [1m[35mCOMMIT[0m
  ↳ db/seeds.rb:11
  [1m[35m (0.1ms)[0m  [1m[35mBEGIN[0m
  ↳ db/seeds.rb:12
  [1m[36mCategory Create (0.5ms)[0m  [1m[32mINSERT INTO "categories" ("name", "created_at", "updated_at") VALUES ($1, $2, $3) RETURNING "id"[0m  [["name", "Family"], ["created_at", "2019-09-25 22:21:01.735660"], ["updated_at", "2019-09-25 22:21:01.735660"]]
  ↳ db/seeds.rb:12
  [1m[35m (0.5ms)[0m  [1m[35mCOMMIT[0m
  ↳ db/seeds.rb:12
  [1m[35m (0.2ms)[0m  [1m[35mBEGIN[0m
  ↳ db/seeds.rb:14
  [1m[35m (0.3ms)[0m  [1m[31mROLLBACK[0m
  ↳ db/seeds.rb:14
  [1m[35m (0.2ms)[0m  [1m[35mBEGIN[0m
  ↳ db/seeds.rb:15
  [1m[35m (0.1ms)[0m  [1m[31mROLLBACK[0m
  ↳ db/seeds.rb:15
  [1m[35m (0.1ms)[0m  [1m[35mBEGIN[0m
  ↳ db/seeds.rb:16
  [1m[35m (0.2ms)[0m  [1m[31mROLLBACK[0m
  ↳ db/seeds.rb:16
  [1m[35m (0.1ms)[0m  [1m[35mBEGIN[0m
  ↳ db/seeds.rb:18
  [1m[35m (0.1ms)[0m  [1m[31mROLLBACK[0m
  ↳ db/seeds.rb:18
  [1m[35m (0.1ms)[0m  [1m[35mBEGIN[0m
  ↳ db/seeds.rb:19
  [1m[35m (0.1ms)[0m  [1m[31mROLLBACK[0m
  ↳ db/seeds.rb:19
  [1m[35m (0.1ms)[0m  [1m[35mBEGIN[0m
  ↳ db/seeds.rb:21
  [1m[35m (0.1ms)[0m  [1m[31mROLLBACK[0m
  ↳ db/seeds.rb:21
  [1m[35m (0.1ms)[0m  [1m[35mBEGIN[0m
  ↳ db/seeds.rb:22
  [1m[35m (0.1ms)[0m  [1m[31mROLLBACK[0m
  ↳ db/seeds.rb:22
  [1m[35m (1.5ms)[0m  [1m[34mSELECT "schema_migrations"."version" FROM "schema_migrations" ORDER BY "schema_migrations"."version" ASC[0m
  ↳ bin/rails:9
  [1m[36mCategory Load (0.8ms)[0m  [1m[34mSELECT "categories".* FROM "categories"[0m
  ↳ db/seeds.rb:5
  [1m[35m (0.2ms)[0m  [1m[35mBEGIN[0m
  ↳ db/seeds.rb:5
  [1m[36mCategory Destroy (1.1ms)[0m  [1m[31mDELETE FROM "categories" WHERE "categories"."id" = $1[0m  [["id", 3]]
  ↳ db/seeds.rb:5
  [1m[35m (10.9ms)[0m  [1m[35mCOMMIT[0m
  ↳ db/seeds.rb:5
  [1m[35m (0.2ms)[0m  [1m[35mBEGIN[0m
  ↳ db/seeds.rb:5
  [1m[36mCategory Destroy (0.6ms)[0m  [1m[31mDELETE FROM "categories" WHERE "categories"."id" = $1[0m  [["id", 4]]
  ↳ db/seeds.rb:5
  [1m[35m (5.4ms)[0m  [1m[35mCOMMIT[0m
  ↳ db/seeds.rb:5
  [1m[35m (0.2ms)[0m  [1m[35mBEGIN[0m
  ↳ db/seeds.rb:5
  [1m[36mCategory Destroy (3.5ms)[0m  [1m[31mDELETE FROM "categories" WHERE "categories"."id" = $1[0m  [["id", 5]]
  ↳ db/seeds.rb:5
  [1m[35m (0.7ms)[0m  [1m[35mCOMMIT[0m
  ↳ db/seeds.rb:5
  [1m[36mTodo Load (0.8ms)[0m  [1m[34mSELECT "todos".* FROM "todos"[0m
  ↳ db/seeds.rb:6
  [1m[35m (0.2ms)[0m  [1m[35mBEGIN[0m
  ↳ db/seeds.rb:10
  [1m[36mCategory Create (0.6ms)[0m  [1m[32mINSERT INTO "categories" ("name", "created_at", "updated_at") VALUES ($1, $2, $3) RETURNING "id"[0m  [["name", "Personal"], ["created_at", "2019-09-25 22:21:34.697339"], ["updated_at", "2019-09-25 22:21:34.697339"]]
  ↳ db/seeds.rb:10
  [1m[35m (6.5ms)[0m  [1m[35mCOMMIT[0m
  ↳ db/seeds.rb:10
  [1m[35m (0.2ms)[0m  [1m[35mBEGIN[0m
  ↳ db/seeds.rb:11
  [1m[36mCategory Create (0.6ms)[0m  [1m[32mINSERT INTO "categories" ("name", "created_at", "updated_at") VALUES ($1, $2, $3) RETURNING "id"[0m  [["name", "Business"], ["created_at", "2019-09-25 22:21:34.710858"], ["updated_at", "2019-09-25 22:21:34.710858"]]
  ↳ db/seeds.rb:11
  [1m[35m (0.7ms)[0m  [1m[35mCOMMIT[0m
  ↳ db/seeds.rb:11
  [1m[35m (0.2ms)[0m  [1m[35mBEGIN[0m
  ↳ db/seeds.rb:12
  [1m[36mCategory Create (0.5ms)[0m  [1m[32mINSERT INTO "categories" ("name", "created_at", "updated_at") VALUES ($1, $2, $3) RETURNING "id"[0m  [["name", "Family"], ["created_at", "2019-09-25 22:21:34.716239"], ["updated_at", "2019-09-25 22:21:34.716239"]]
  ↳ db/seeds.rb:12
  [1m[35m (0.6ms)[0m  [1m[35mCOMMIT[0m
  ↳ db/seeds.rb:12
  [1m[35m (0.2ms)[0m  [1m[35mBEGIN[0m
  ↳ db/seeds.rb:17
  [1m[35m (0.2ms)[0m  [1m[31mROLLBACK[0m
  ↳ db/seeds.rb:17
  [1m[35m (0.2ms)[0m  [1m[35mBEGIN[0m
  ↳ db/seeds.rb:18
  [1m[35m (0.1ms)[0m  [1m[31mROLLBACK[0m
  ↳ db/seeds.rb:18
  [1m[35m (0.1ms)[0m  [1m[35mBEGIN[0m
  ↳ db/seeds.rb:19
  [1m[35m (0.1ms)[0m  [1m[31mROLLBACK[0m
  ↳ db/seeds.rb:19
  [1m[35m (0.1ms)[0m  [1m[35mBEGIN[0m
  ↳ db/seeds.rb:21
  [1m[35m (0.2ms)[0m  [1m[31mROLLBACK[0m
  ↳ db/seeds.rb:21
  [1m[35m (0.2ms)[0m  [1m[35mBEGIN[0m
  ↳ db/seeds.rb:22
  [1m[35m (0.2ms)[0m  [1m[31mROLLBACK[0m
  ↳ db/seeds.rb:22
  [1m[35m (0.1ms)[0m  [1m[35mBEGIN[0m
  ↳ db/seeds.rb:24
  [1m[35m (0.1ms)[0m  [1m[31mROLLBACK[0m
  ↳ db/seeds.rb:24
  [1m[35m (0.1ms)[0m  [1m[35mBEGIN[0m
  ↳ db/seeds.rb:25
  [1m[35m (0.2ms)[0m  [1m[31mROLLBACK[0m
  ↳ db/seeds.rb:25
  [1m[36mCategory Load (0.7ms)[0m  [1m[34mSELECT  "categories".* FROM "categories" LIMIT $1[0m  [["LIMIT", 11]]
  [1m[36mTodo Load (0.7ms)[0m  [1m[34mSELECT  "todos".* FROM "todos" LIMIT $1[0m  [["LIMIT", 11]]
  [1m[36mTodo Load (0.7ms)[0m  [1m[34mSELECT  "todos".* FROM "todos" LIMIT $1[0m  [["LIMIT", 11]]
  [1m[36mCategory Load (0.8ms)[0m  [1m[34mSELECT  "categories".* FROM "categories" ORDER BY "categories"."id" ASC LIMIT $1[0m  [["LIMIT", 1]]
  [1m[36mCategory Load (1.0ms)[0m  [1m[34mSELECT  "categories".* FROM "categories" ORDER BY "categories"."id" ASC LIMIT $1[0m  [["LIMIT", 1]]
  [1m[36mTodo Load (0.5ms)[0m  [1m[34mSELECT  "todos".* FROM "todos" WHERE "todos"."category_id" = $1 LIMIT $2[0m  [["category_id", 6], ["LIMIT", 11]]
  [1m[35m (1.0ms)[0m  [1m[34mSELECT "schema_migrations"."version" FROM "schema_migrations" ORDER BY "schema_migrations"."version" ASC[0m
  ↳ bin/rails:9
  [1m[36mCategory Load (0.7ms)[0m  [1m[34mSELECT "categories".* FROM "categories"[0m
  ↳ db/seeds.rb:5
  [1m[35m (0.2ms)[0m  [1m[35mBEGIN[0m
  ↳ db/seeds.rb:5
  [1m[36mCategory Destroy (0.6ms)[0m  [1m[31mDELETE FROM "categories" WHERE "categories"."id" = $1[0m  [["id", 6]]
  ↳ db/seeds.rb:5
  [1m[35m (6.5ms)[0m  [1m[35mCOMMIT[0m
  ↳ db/seeds.rb:5
  [1m[35m (0.2ms)[0m  [1m[35mBEGIN[0m
  ↳ db/seeds.rb:5
  [1m[36mCategory Destroy (0.7ms)[0m  [1m[31mDELETE FROM "categories" WHERE "categories"."id" = $1[0m  [["id", 7]]
  ↳ db/seeds.rb:5
  [1m[35m (6.6ms)[0m  [1m[35mCOMMIT[0m
  ↳ db/seeds.rb:5
  [1m[35m (0.2ms)[0m  [1m[35mBEGIN[0m
  ↳ db/seeds.rb:5
  [1m[36mCategory Destroy (0.6ms)[0m  [1m[31mDELETE FROM "categories" WHERE "categories"."id" = $1[0m  [["id", 8]]
  ↳ db/seeds.rb:5
  [1m[35m (0.7ms)[0m  [1m[35mCOMMIT[0m
  ↳ db/seeds.rb:5
  [1m[36mTodo Load (0.9ms)[0m  [1m[34mSELECT "todos".* FROM "todos"[0m
  ↳ db/seeds.rb:6
  [1m[35m (0.2ms)[0m  [1m[35mBEGIN[0m
  ↳ db/seeds.rb:10
  [1m[36mCategory Create (0.7ms)[0m  [1m[32mINSERT INTO "categories" ("name", "created_at", "updated_at") VALUES ($1, $2, $3) RETURNING "id"[0m  [["name", "Personal"], ["created_at", "2019-09-25 22:23:38.033725"], ["updated_at", "2019-09-25 22:23:38.033725"]]
  ↳ db/seeds.rb:10
  [1m[35m (6.6ms)[0m  [1m[35mCOMMIT[0m
  ↳ db/seeds.rb:10
  [1m[35m (0.2ms)[0m  [1m[35mBEGIN[0m
  ↳ db/seeds.rb:11
  [1m[36mCategory Create (0.6ms)[0m  [1m[32mINSERT INTO "categories" ("name", "created_at", "updated_at") VALUES ($1, $2, $3) RETURNING "id"[0m  [["name", "Business"], ["created_at", "2019-09-25 22:23:38.045480"], ["updated_at", "2019-09-25 22:23:38.045480"]]
  ↳ db/seeds.rb:11
  [1m[35m (0.6ms)[0m  [1m[35mCOMMIT[0m
  ↳ db/seeds.rb:11
  [1m[35m (0.2ms)[0m  [1m[35mBEGIN[0m
  ↳ db/seeds.rb:12
  [1m[36mCategory Create (0.7ms)[0m  [1m[32mINSERT INTO "categories" ("name", "created_at", "updated_at") VALUES ($1, $2, $3) RETURNING "id"[0m  [["name", "Family"], ["created_at", "2019-09-25 22:23:38.053561"], ["updated_at", "2019-09-25 22:23:38.053561"]]
  ↳ db/seeds.rb:12
  [1m[35m (0.5ms)[0m  [1m[35mCOMMIT[0m
  ↳ db/seeds.rb:12
  [1m[35m (0.2ms)[0m  [1m[35mBEGIN[0m
  ↳ db/seeds.rb:17
  [1m[36mCategory Load (0.3ms)[0m  [1m[34mSELECT  "categories".* FROM "categories" WHERE "categories"."id" = $1 LIMIT $2[0m  [["id", 9], ["LIMIT", 1]]
  ↳ db/seeds.rb:17
  [1m[36mTodo Create (0.6ms)[0m  [1m[32mINSERT INTO "todos" ("text", "created_at", "updated_at", "category_id") VALUES ($1, $2, $3, $4) RETURNING "id"[0m  [["text", "Back to school Shopping"], ["created_at", "2019-09-25 22:23:38.096258"], ["updated_at", "2019-09-25 22:23:38.096258"], ["category_id", 9]]
  ↳ db/seeds.rb:17
  [1m[35m (6.6ms)[0m  [1m[35mCOMMIT[0m
  ↳ db/seeds.rb:17
  [1m[35m (0.2ms)[0m  [1m[35mBEGIN[0m
  ↳ db/seeds.rb:18
  [1m[36mCategory Load (0.5ms)[0m  [1m[34mSELECT  "categories".* FROM "categories" WHERE "categories"."id" = $1 LIMIT $2[0m  [["id", 9], ["LIMIT", 1]]
  ↳ db/seeds.rb:18
  [1m[36mTodo Create (0.6ms)[0m  [1m[32mINSERT INTO "todos" ("text", "created_at", "updated_at", "category_id") VALUES ($1, $2, $3, $4) RETURNING "id"[0m  [["text", "Visit Mike"], ["created_at", "2019-09-25 22:23:38.107928"], ["updated_at", "2019-09-25 22:23:38.107928"], ["category_id", 9]]
  ↳ db/seeds.rb:18
  [1m[35m (0.6ms)[0m  [1m[35mCOMMIT[0m
  ↳ db/seeds.rb:18
  [1m[35m (0.2ms)[0m  [1m[35mBEGIN[0m
  ↳ db/seeds.rb:19
  [1m[36mCategory Load (0.5ms)[0m  [1m[34mSELECT  "categories".* FROM "categories" WHERE "categories"."id" = $1 LIMIT $2[0m  [["id", 9], ["LIMIT", 1]]
  ↳ db/seeds.rb:19
  [1m[36mTodo Create (0.8ms)[0m  [1m[32mINSERT INTO "todos" ("text", "created_at", "updated_at", "category_id") VALUES ($1, $2, $3, $4) RETURNING "id"[0m  [["text", "Clean the kitchen"], ["created_at", "2019-09-25 22:23:38.113181"], ["updated_at", "2019-09-25 22:23:38.113181"], ["category_id", 9]]
  ↳ db/seeds.rb:19
  [1m[35m (0.5ms)[0m  [1m[35mCOMMIT[0m
  ↳ db/seeds.rb:19
  [1m[35m (0.1ms)[0m  [1m[35mBEGIN[0m
  ↳ db/seeds.rb:21
  [1m[36mCategory Load (0.4ms)[0m  [1m[34mSELECT  "categories".* FROM "categories" WHERE "categories"."id" = $1 LIMIT $2[0m  [["id", 10], ["LIMIT", 1]]
  ↳ db/seeds.rb:21
  [1m[36mTodo Create (0.4ms)[0m  [1m[32mINSERT INTO "todos" ("text", "created_at", "updated_at", "category_id") VALUES ($1, $2, $3, $4) RETURNING "id"[0m  [["text", "Start the portfolio project"], ["created_at", "2019-09-25 22:23:38.118349"], ["updated_at", "2019-09-25 22:23:38.118349"], ["category_id", 10]]
  ↳ db/seeds.rb:21
  [1m[35m (0.5ms)[0m  [1m[35mCOMMIT[0m
  ↳ db/seeds.rb:21
  [1m[35m (0.1ms)[0m  [1m[35mBEGIN[0m
  ↳ db/seeds.rb:22
  [1m[36mCategory Load (0.3ms)[0m  [1m[34mSELECT  "categories".* FROM "categories" WHERE "categories"."id" = $1 LIMIT $2[0m  [["id", 10], ["LIMIT", 1]]
  ↳ db/seeds.rb:22
  [1m[36mTodo Create (0.4ms)[0m  [1m[32mINSERT INTO "todos" ("text", "created_at", "updated_at", "category_id") VALUES ($1, $2, $3, $4) RETURNING "id"[0m  [["text", "Take product photography"], ["created_at", "2019-09-25 22:23:38.121700"], ["updated_at", "2019-09-25 22:23:38.121700"], ["category_id", 10]]
  ↳ db/seeds.rb:22
  [1m[35m (0.5ms)[0m  [1m[35mCOMMIT[0m
  ↳ db/seeds.rb:22
  [1m[35m (0.1ms)[0m  [1m[35mBEGIN[0m
  ↳ db/seeds.rb:24
  [1m[36mCategory Load (0.3ms)[0m  [1m[34mSELECT  "categories".* FROM "categories" WHERE "categories"."id" = $1 LIMIT $2[0m  [["id", 11], ["LIMIT", 1]]
  ↳ db/seeds.rb:24
  [1m[36mTodo Create (0.4ms)[0m  [1m[32mINSERT INTO "todos" ("text", "created_at", "updated_at", "category_id") VALUES ($1, $2, $3, $4) RETURNING "id"[0m  [["text", "Take nabi to the zoo"], ["created_at", "2019-09-25 22:23:38.124765"], ["updated_at", "2019-09-25 22:23:38.124765"], ["category_id", 11]]
  ↳ db/seeds.rb:24
  [1m[35m (0.4ms)[0m  [1m[35mCOMMIT[0m
  ↳ db/seeds.rb:24
  [1m[35m (0.1ms)[0m  [1m[35mBEGIN[0m
  ↳ db/seeds.rb:25
  [1m[36mCategory Load (0.2ms)[0m  [1m[34mSELECT  "categories".* FROM "categories" WHERE "categories"."id" = $1 LIMIT $2[0m  [["id", 11], ["LIMIT", 1]]
  ↳ db/seeds.rb:25
  [1m[36mTodo Create (0.5ms)[0m  [1m[32mINSERT INTO "todos" ("text", "created_at", "updated_at", "category_id") VALUES ($1, $2, $3, $4) RETURNING "id"[0m  [["text", "Visit Muzit family"], ["created_at", "2019-09-25 22:23:38.128203"], ["updated_at", "2019-09-25 22:23:38.128203"], ["category_id", 11]]
  ↳ db/seeds.rb:25
  [1m[35m (0.5ms)[0m  [1m[35mCOMMIT[0m
  ↳ db/seeds.rb:25
  [1m[36mTodo Load (0.5ms)[0m  [1m[34mSELECT  "todos".* FROM "todos" LIMIT $1[0m  [["LIMIT", 11]]
  [1m[36mCategory Load (0.6ms)[0m  [1m[34mSELECT  "categories".* FROM "categories" ORDER BY "categories"."id" ASC LIMIT $1[0m  [["LIMIT", 1]]
  [1m[36mTodo Load (0.3ms)[0m  [1m[34mSELECT  "todos".* FROM "todos" WHERE "todos"."category_id" = $1 LIMIT $2[0m  [["category_id", 9], ["LIMIT", 11]]
Started POST "/categories" for ::1 at 2019-09-25 18:39:53 -0400
  [1m[35m (1.5ms)[0m  [1m[34mSELECT "schema_migrations"."version" FROM "schema_migrations" ORDER BY "schema_migrations"."version" ASC[0m
  ↳ /Users/Lewamey/.rvm/gems/ruby-2.6.1/gems/activerecord-5.2.3/lib/active_record/log_subscriber.rb:98
  
AbstractController::ActionNotFound (The action 'create' could not be found for CategoriesController):
  
actionpack (5.2.3) lib/abstract_controller/base.rb:129:in `process'
actionpack (5.2.3) lib/action_controller/metal.rb:191:in `dispatch'
actionpack (5.2.3) lib/action_controller/metal.rb:252:in `dispatch'
actionpack (5.2.3) lib/action_dispatch/routing/route_set.rb:52:in `dispatch'
actionpack (5.2.3) lib/action_dispatch/routing/route_set.rb:34:in `serve'
actionpack (5.2.3) lib/action_dispatch/journey/router.rb:52:in `block in serve'
actionpack (5.2.3) lib/action_dispatch/journey/router.rb:35:in `each'
actionpack (5.2.3) lib/action_dispatch/journey/router.rb:35:in `serve'
actionpack (5.2.3) lib/action_dispatch/routing/route_set.rb:840:in `call'
rack (2.0.7) lib/rack/etag.rb:25:in `call'
rack (2.0.7) lib/rack/conditional_get.rb:38:in `call'
rack (2.0.7) lib/rack/head.rb:12:in `call'
activerecord (5.2.3) lib/active_record/migration.rb:559:in `call'
actionpack (5.2.3) lib/action_dispatch/middleware/callbacks.rb:28:in `block in call'
activesupport (5.2.3) lib/active_support/callbacks.rb:98:in `run_callbacks'
actionpack (5.2.3) lib/action_dispatch/middleware/callbacks.rb:26:in `call'
actionpack (5.2.3) lib/action_dispatch/middleware/executor.rb:14:in `call'
actionpack (5.2.3) lib/action_dispatch/middleware/debug_exceptions.rb:61:in `call'
actionpack (5.2.3) lib/action_dispatch/middleware/show_exceptions.rb:33:in `call'
railties (5.2.3) lib/rails/rack/logger.rb:38:in `call_app'
railties (5.2.3) lib/rails/rack/logger.rb:26:in `block in call'
activesupport (5.2.3) lib/active_support/tagged_logging.rb:71:in `block in tagged'
activesupport (5.2.3) lib/active_support/tagged_logging.rb:28:in `tagged'
activesupport (5.2.3) lib/active_support/tagged_logging.rb:71:in `tagged'
railties (5.2.3) lib/rails/rack/logger.rb:26:in `call'
actionpack (5.2.3) lib/action_dispatch/middleware/remote_ip.rb:81:in `call'
actionpack (5.2.3) lib/action_dispatch/middleware/request_id.rb:27:in `call'
rack (2.0.7) lib/rack/runtime.rb:22:in `call'
activesupport (5.2.3) lib/active_support/cache/strategy/local_cache_middleware.rb:29:in `call'
actionpack (5.2.3) lib/action_dispatch/middleware/executor.rb:14:in `call'
actionpack (5.2.3) lib/action_dispatch/middleware/static.rb:127:in `call'
rack (2.0.7) lib/rack/sendfile.rb:111:in `call'
rack-cors (1.0.3) lib/rack/cors.rb:95:in `call'
railties (5.2.3) lib/rails/engine.rb:524:in `call'
puma (3.12.1) lib/puma/configuration.rb:227:in `call'
puma (3.12.1) lib/puma/server.rb:660:in `handle_request'
puma (3.12.1) lib/puma/server.rb:474:in `process_client'
puma (3.12.1) lib/puma/server.rb:334:in `block in run'
puma (3.12.1) lib/puma/thread_pool.rb:135:in `block in spawn_thread'
Started GET "/categories" for ::1 at 2019-09-25 18:40:11 -0400
Processing by CategoriesController#index as */*
  Parameters: {"current_order"=>11, "category"=>{}}
  [1m[36mCategory Load (0.9ms)[0m  [1m[34mSELECT "categories".* FROM "categories"[0m
  ↳ app/controllers/categories_controller.rb:4
Completed 200 OK in 18ms (Views: 10.2ms | ActiveRecord: 12.2ms)


Started GET "/" for ::1 at 2019-09-25 19:41:05 -0400
  [1m[35m (1.1ms)[0m  [1m[34mSELECT "schema_migrations"."version" FROM "schema_migrations" ORDER BY "schema_migrations"."version" ASC[0m
  ↳ /Users/Lewamey/.rvm/gems/ruby-2.6.1/gems/activerecord-5.2.3/lib/active_record/log_subscriber.rb:98
Processing by Rails::WelcomeController#index as */*
  Parameters: {"current_order"=>11, "welcome"=>{"current_order"=>11}}
  Rendering /Users/Lewamey/.rvm/gems/ruby-2.6.1/gems/railties-5.2.3/lib/rails/templates/rails/welcome/index.html.erb
  Rendered /Users/Lewamey/.rvm/gems/ruby-2.6.1/gems/railties-5.2.3/lib/rails/templates/rails/welcome/index.html.erb (5.6ms)
Completed 200 OK in 24ms (Views: 17.9ms | ActiveRecord: 0.0ms)


Started GET "/" for ::1 at 2019-09-25 19:41:21 -0400
Processing by Rails::WelcomeController#index as */*
  Parameters: {"current_order"=>11, "welcome"=>{"current_order"=>11}}
  Rendering /Users/Lewamey/.rvm/gems/ruby-2.6.1/gems/railties-5.2.3/lib/rails/templates/rails/welcome/index.html.erb
  Rendered /Users/Lewamey/.rvm/gems/ruby-2.6.1/gems/railties-5.2.3/lib/rails/templates/rails/welcome/index.html.erb (4.1ms)
Completed 200 OK in 14ms (Views: 9.4ms | ActiveRecord: 0.0ms)


Started GET "/" for ::1 at 2019-09-25 19:43:47 -0400
  [1m[35m (9.8ms)[0m  [1m[34mSELECT "schema_migrations"."version" FROM "schema_migrations" ORDER BY "schema_migrations"."version" ASC[0m
  ↳ /Users/Lewamey/.rvm/gems/ruby-2.6.1/gems/activerecord-5.2.3/lib/active_record/log_subscriber.rb:98
Processing by Rails::WelcomeController#index as */*
  Parameters: {"current_order"=>11, "welcome"=>{"current_order"=>11}}
  Rendering /Users/Lewamey/.rvm/gems/ruby-2.6.1/gems/railties-5.2.3/lib/rails/templates/rails/welcome/index.html.erb
  Rendered /Users/Lewamey/.rvm/gems/ruby-2.6.1/gems/railties-5.2.3/lib/rails/templates/rails/welcome/index.html.erb (4.9ms)
Completed 200 OK in 18ms (Views: 13.2ms | ActiveRecord: 0.0ms)


Started GET "/categories" for ::1 at 2019-09-25 19:44:11 -0400
Processing by CategoriesController#index as */*
  Parameters: {"current_order"=>11, "category"=>{}}
  [1m[36mCategory Load (1.0ms)[0m  [1m[34mSELECT "categories".* FROM "categories"[0m
  ↳ app/controllers/categories_controller.rb:4
[active_model_serializers]   [1m[36mTodo Load (0.9ms)[0m  [1m[34mSELECT "todos".* FROM "todos" WHERE "todos"."category_id" = $1[0m  [["category_id", 9]]
[active_model_serializers]   ↳ app/controllers/categories_controller.rb:4
[active_model_serializers]   [1m[36mTodo Load (0.4ms)[0m  [1m[34mSELECT "todos".* FROM "todos" WHERE "todos"."category_id" = $1[0m  [["category_id", 10]]
[active_model_serializers]   ↳ app/controllers/categories_controller.rb:4
[active_model_serializers]   [1m[36mTodo Load (0.4ms)[0m  [1m[34mSELECT "todos".* FROM "todos" WHERE "todos"."category_id" = $1[0m  [["category_id", 11]]
[active_model_serializers]   ↳ app/controllers/categories_controller.rb:4
[active_model_serializers] Rendered ActiveModel::Serializer::CollectionSerializer with ActiveModelSerializers::Adapter::Attributes (84.48ms)
Completed 200 OK in 127ms (Views: 110.1ms | ActiveRecord: 22.7ms)


Started GET "/categories" for ::1 at 2019-09-25 19:44:47 -0400
Processing by CategoriesController#index as */*
  Parameters: {"current_order"=>11, "category"=>{}}
  [1m[36mCategory Load (0.5ms)[0m  [1m[34mSELECT "categories".* FROM "categories"[0m
  ↳ app/controllers/categories_controller.rb:4
[active_model_serializers]   [1m[36mTodo Load (0.6ms)[0m  [1m[34mSELECT "todos".* FROM "todos" WHERE "todos"."category_id" = $1[0m  [["category_id", 9]]
[active_model_serializers]   ↳ app/controllers/categories_controller.rb:4
[active_model_serializers]   [1m[36mTodo Load (0.4ms)[0m  [1m[34mSELECT "todos".* FROM "todos" WHERE "todos"."category_id" = $1[0m  [["category_id", 10]]
[active_model_serializers]   ↳ app/controllers/categories_controller.rb:4
[active_model_serializers]   [1m[36mTodo Load (0.4ms)[0m  [1m[34mSELECT "todos".* FROM "todos" WHERE "todos"."category_id" = $1[0m  [["category_id", 11]]
[active_model_serializers]   ↳ app/controllers/categories_controller.rb:4
[active_model_serializers] Rendered ActiveModel::Serializer::CollectionSerializer with ActiveModelSerializers::Adapter::Attributes (34.18ms)
Completed 200 OK in 63ms (Views: 45.6ms | ActiveRecord: 22.0ms)


Started GET "/" for ::1 at 2019-09-25 19:52:57 -0400
Processing by Rails::WelcomeController#index as HTML
  Rendering /Users/Lewamey/.rvm/gems/ruby-2.6.1/gems/railties-5.2.3/lib/rails/templates/rails/welcome/index.html.erb
  Rendered /Users/Lewamey/.rvm/gems/ruby-2.6.1/gems/railties-5.2.3/lib/rails/templates/rails/welcome/index.html.erb (5.7ms)
Completed 200 OK in 16ms (Views: 10.1ms | ActiveRecord: 0.0ms)


Started GET "/favicon.ico" for ::1 at 2019-09-25 19:52:59 -0400
  
ActionController::RoutingError (No route matches [GET] "/favicon.ico"):
  
actionpack (5.2.3) lib/action_dispatch/middleware/debug_exceptions.rb:65:in `call'
actionpack (5.2.3) lib/action_dispatch/middleware/show_exceptions.rb:33:in `call'
railties (5.2.3) lib/rails/rack/logger.rb:38:in `call_app'
railties (5.2.3) lib/rails/rack/logger.rb:26:in `block in call'
activesupport (5.2.3) lib/active_support/tagged_logging.rb:71:in `block in tagged'
activesupport (5.2.3) lib/active_support/tagged_logging.rb:28:in `tagged'
activesupport (5.2.3) lib/active_support/tagged_logging.rb:71:in `tagged'
railties (5.2.3) lib/rails/rack/logger.rb:26:in `call'
actionpack (5.2.3) lib/action_dispatch/middleware/remote_ip.rb:81:in `call'
actionpack (5.2.3) lib/action_dispatch/middleware/request_id.rb:27:in `call'
rack (2.0.7) lib/rack/runtime.rb:22:in `call'
activesupport (5.2.3) lib/active_support/cache/strategy/local_cache_middleware.rb:29:in `call'
actionpack (5.2.3) lib/action_dispatch/middleware/executor.rb:14:in `call'
actionpack (5.2.3) lib/action_dispatch/middleware/static.rb:127:in `call'
rack (2.0.7) lib/rack/sendfile.rb:111:in `call'
rack-cors (1.0.3) lib/rack/cors.rb:95:in `call'
railties (5.2.3) lib/rails/engine.rb:524:in `call'
puma (3.12.1) lib/puma/configuration.rb:227:in `call'
puma (3.12.1) lib/puma/server.rb:660:in `handle_request'
puma (3.12.1) lib/puma/server.rb:474:in `process_client'
puma (3.12.1) lib/puma/server.rb:334:in `block in run'
puma (3.12.1) lib/puma/thread_pool.rb:135:in `block in spawn_thread'
Started GET "/categories" for ::1 at 2019-09-26 12:02:02 -0400
Processing by CategoriesController#index as */*
  Parameters: {"current_order"=>11, "category"=>{}}
  [1m[36mCategory Load (25.5ms)[0m  [1m[34mSELECT "categories".* FROM "categories"[0m
  ↳ app/controllers/categories_controller.rb:4
[active_model_serializers]   [1m[36mTodo Load (0.6ms)[0m  [1m[34mSELECT "todos".* FROM "todos" WHERE "todos"."category_id" = $1[0m  [["category_id", 9]]
[active_model_serializers]   ↳ app/controllers/categories_controller.rb:4
[active_model_serializers]   [1m[36mTodo Load (0.5ms)[0m  [1m[34mSELECT "todos".* FROM "todos" WHERE "todos"."category_id" = $1[0m  [["category_id", 10]]
[active_model_serializers]   ↳ app/controllers/categories_controller.rb:4
[active_model_serializers]   [1m[36mTodo Load (0.4ms)[0m  [1m[34mSELECT "todos".* FROM "todos" WHERE "todos"."category_id" = $1[0m  [["category_id", 11]]
[active_model_serializers]   ↳ app/controllers/categories_controller.rb:4
[active_model_serializers] Rendered ActiveModel::Serializer::CollectionSerializer with ActiveModelSerializers::Adapter::Attributes (133.02ms)
Completed 200 OK in 196ms (Views: 162.3ms | ActiveRecord: 27.3ms)


